2025-05-06 10:59:36,441 - INFO - Fatura f8r99dx9q4ijv96c6tbeen processada com sucesso.
2025-05-06 10:59:38,744 - INFO - Fatura hivf5qajlj2klt99z1hvx processada com sucesso.
2025-05-06 10:59:41,192 - INFO - Fatura cgnxkfik75fm65go6myn6a processada com sucesso.
2025-05-06 10:59:43,589 - INFO - Fatura 0g524s13uprvebjt5cn64oq processada com sucesso.
2025-05-06 10:59:45,859 - INFO - Fatura ilwdu4d47sbok9ls9whsxo processada com sucesso.
2025-05-06 10:59:45,896 - INFO - Arquivo temp/invoices.csv enviado com sucesso.
2025-05-06 11:01:02,182 - INFO - Fatura j74sw05rf9sbyrfkzs1xxb processada com sucesso.
2025-05-06 11:01:04,469 - INFO - Fatura cwzcmdjs3sskbr0ms9uuyi processada com sucesso.
2025-05-06 11:01:06,809 - INFO - Fatura 7y308zcxo979i7nmyoy8vj processada com sucesso.
2025-05-06 11:01:09,149 - INFO - Fatura fuo6f3wp3xf5lz3wy5vbmw processada com sucesso.
2025-05-06 11:01:11,511 - INFO - Fatura u840n9ph1f4zscfpgfhut processada com sucesso.
2025-05-06 11:01:13,781 - INFO - Fatura 8key8769v1k1fy3wai6owv processada com sucesso.
2025-05-06 11:01:16,099 - INFO - Fatura mlajtp3vaa91uwb8i3ehb9 processada com sucesso.
2025-05-06 11:01:16,185 - INFO - Arquivo temp/invoices.csv enviado com sucesso.
2025-05-06 11:04:11,194 - INFO - Fatura x4ksbi59rcij44plpp0ro processada com sucesso.
2025-05-06 11:04:13,562 - INFO - Fatura idvmwimtaqd5v7yvr0mua processada com sucesso.
2025-05-06 11:04:16,002 - INFO - Fatura 46ez7bj5ax2l52o2cjnfom processada com sucesso.
2025-05-06 11:04:18,395 - INFO - Fatura k3dx77n8viqpof0vzf4mle processada com sucesso.
2025-05-06 11:04:20,754 - INFO - Fatura iik09mlbhpltl74j8wcfn processada com sucesso.
2025-05-06 11:04:23,008 - INFO - Fatura plqkt9dc1ts0zf93nsbq processada com sucesso.
2025-05-06 11:04:23,078 - INFO - Arquivo temp/invoices.csv enviado com sucesso.
